  [1m[36m (8.0ms)[0m  [1mCREATE TABLE "schema_migrations" ("version" varchar NOT NULL) [0m
  [1m[35m (0.1ms)[0m  select sqlite_version(*)
  [1m[36m (3.3ms)[0m  [1mCREATE UNIQUE INDEX "unique_schema_migrations" ON "schema_migrations" ("version")[0m
  [1m[35mActiveRecord::SchemaMigration Load (0.1ms)[0m  SELECT "schema_migrations".* FROM "schema_migrations"
Migrating to CreateMovies (20111119180638)
  [1m[36m (0.1ms)[0m  [1mbegin transaction[0m
DEPRECATION WARNING: `#timestamps` was called without specifying an option for `null`. In Rails 5, this behavior will change to `null: false`. You should manually specify `null: true` to prevent the behavior of your existing migrations from changing. (called from block in up at /home/ec2-user/environment/hw-acceptance-unit-test-cycle/rottenpotatoes/db/migrate/20111119180638_create_movies.rb:10)
  [1m[35m (0.3ms)[0m  CREATE TABLE "movies" ("id" INTEGER PRIMARY KEY AUTOINCREMENT NOT NULL, "title" varchar, "rating" varchar, "description" text, "release_date" datetime, "created_at" datetime, "updated_at" datetime) 
  [1m[36mSQL (0.1ms)[0m  [1mINSERT INTO "schema_migrations" ("version") VALUES (?)[0m  [["version", "20111119180638"]]
  [1m[35m (3.6ms)[0m  commit transaction
  [1m[36mActiveRecord::SchemaMigration Load (0.1ms)[0m  [1mSELECT "schema_migrations".* FROM "schema_migrations"[0m
  [1m[36m (10.9ms)[0m  [1mCREATE TABLE "movies" ("id" INTEGER PRIMARY KEY AUTOINCREMENT NOT NULL, "title" varchar, "rating" varchar, "description" text, "release_date" datetime, "created_at" datetime, "updated_at" datetime) [0m
  [1m[35m (7.7ms)[0m  CREATE TABLE "schema_migrations" ("version" varchar NOT NULL) 
  [1m[36m (0.1ms)[0m  [1mselect sqlite_version(*)[0m
  [1m[35m (3.1ms)[0m  CREATE UNIQUE INDEX "unique_schema_migrations" ON "schema_migrations" ("version")
  [1m[36m (0.1ms)[0m  [1mSELECT version FROM "schema_migrations"[0m
  [1m[35m (3.7ms)[0m  INSERT INTO "schema_migrations" (version) VALUES ('20111119180638')
  [1m[36mActiveRecord::SchemaMigration Load (0.1ms)[0m  [1mSELECT "schema_migrations".* FROM "schema_migrations"[0m
  [1m[35mActiveRecord::SchemaMigration Load (0.1ms)[0m  SELECT "schema_migrations".* FROM "schema_migrations"
  [1m[36m (8.3ms)[0m  [1mCREATE TABLE "movies" ("id" INTEGER PRIMARY KEY AUTOINCREMENT NOT NULL, "title" varchar, "rating" varchar, "description" text, "release_date" datetime, "created_at" datetime, "updated_at" datetime) [0m
  [1m[35m (7.6ms)[0m  CREATE TABLE "schema_migrations" ("version" varchar NOT NULL) 
  [1m[36m (0.1ms)[0m  [1mselect sqlite_version(*)[0m
  [1m[35m (4.0ms)[0m  CREATE UNIQUE INDEX "unique_schema_migrations" ON "schema_migrations" ("version")
  [1m[36m (0.1ms)[0m  [1mSELECT version FROM "schema_migrations"[0m
  [1m[35m (3.5ms)[0m  INSERT INTO "schema_migrations" (version) VALUES ('20111119180638')


Started GET "/" for 208.180.10.114 at 2021-10-15 02:32:51 +0000


Started GET "/movies" for 208.180.10.114 at 2021-10-15 02:32:51 +0000
Processing by MoviesController#index as HTML
  [1m[36mMovie Load (2.4ms)[0m  [1mSELECT "movies".* FROM "movies"[0m
  Rendered movies/index.html.erb within layouts/application (10.4ms)
  Rendered layouts/_flash.erb (0.4ms)
Completed 200 OK in 532ms (Views: 497.3ms | ActiveRecord: 2.5ms)


Started GET "/assets/application.self-e80e8f2318043e8af94dddc2adad5a4f09739a8ebb323b3ab31cd71d45fd9113.css?body=1" for 208.180.10.114 at 2021-10-15 02:32:52 +0000


Started GET "/assets/jquery_ujs.self-e87806d0cf4489aeb1bb7288016024e8de67fd18db693fe026fe3907581e53cd.js?body=1" for 208.180.10.114 at 2021-10-15 02:32:52 +0000


Started GET "/assets/jquery.self-660adc51e0224b731d29f575a6f1ec167ba08ad06ed5deca4f1e8654c135bf4c.js?body=1" for 208.180.10.114 at 2021-10-15 02:32:52 +0000


Started GET "/assets/application.self-377610cd7c1509e934744c810e3b4cf672dfbcacac3274e7d039827e2ae0fcc7.js?body=1" for 208.180.10.114 at 2021-10-15 02:32:52 +0000


Started GET "/movies" for 208.180.10.114 at 2021-10-15 03:00:46 +0000
Processing by MoviesController#index as HTML
  Rendered movies/index.html.erb within layouts/application (3.4ms)
Completed 500 Internal Server Error in 8ms (ActiveRecord: 0.0ms)

ActionView::Template::Error (undefined method `each' for nil:NilClass):
     6:   <% hidden_field_tag "title_sort", true if @title_header %>
     7:   <% hidden_field_tag ":release_date_sort", true if @date_header %>
     8:   Include:
     9:   <% @all_ratings.each do |rating| %>
    10:     <div class="form-check  form-check-inline">
    11:       <%= label_tag "ratings[#{rating}]", rating, class: 'form-check-label' %>
    12:       <%= check_box_tag "ratings[#{rating}]", "1",  @selected_ratings.include?(rating), class: 'form-check-input',:id=>"ratings_#{rating}" %>
  app/views/movies/index.html.erb:9:in `block in _app_views_movies_index_html_erb___430111318311127068_69817959826580'
  app/views/movies/index.html.erb:5:in `_app_views_movies_index_html_erb___430111318311127068_69817959826580'


  Rendered /home/ec2-user/.rvm/gems/ruby-2.6.6/gems/actionpack-4.2.10/lib/action_dispatch/middleware/templates/rescues/_source.erb (3.5ms)
  Rendered /home/ec2-user/.rvm/gems/ruby-2.6.6/gems/actionpack-4.2.10/lib/action_dispatch/middleware/templates/rescues/_trace.html.erb (7.5ms)
  Rendered /home/ec2-user/.rvm/gems/ruby-2.6.6/gems/actionpack-4.2.10/lib/action_dispatch/middleware/templates/rescues/_request_and_response.html.erb (3.1ms)
  Rendered /home/ec2-user/.rvm/gems/ruby-2.6.6/gems/actionpack-4.2.10/lib/action_dispatch/middleware/templates/rescues/template_error.html.erb within rescues/layout (27.8ms)


Started GET "/movies" for 208.180.10.114 at 2021-10-15 03:30:13 +0000
Processing by MoviesController#index as HTML
  [1m[35mMovie Load (0.1ms)[0m  SELECT "movies".* FROM "movies" WHERE "movies"."rating" IN ('G', 'PG', 'PG-13', 'NC-17', 'R')
  Rendered movies/index.html.erb within layouts/application (14.1ms)
  Rendered layouts/_flash.erb (2.5ms)
Completed 200 OK in 130ms (Views: 73.5ms | ActiveRecord: 0.5ms)


Started GET "/movies/new" for 208.180.10.114 at 2021-10-15 03:30:17 +0000
Processing by MoviesController#new as HTML
  Rendered movies/new.html.erb within layouts/application (82.5ms)
  Rendered layouts/_flash.erb (0.1ms)
Completed 200 OK in 104ms (Views: 103.8ms | ActiveRecord: 0.0ms)


Started POST "/movies" for 208.180.10.114 at 2021-10-15 03:30:30 +0000
Processing by MoviesController#create as HTML
  Parameters: {"utf8"=>"✓", "authenticity_token"=>"x15pwc3bYr7it9sUU1wQkfacE0JV1BuG3HxcpbdwufJsTqMVJP0mZIktv6//rqQe547t2eAw7po50GNtODkzJw==", "movie"=>{"title"=>"Aladding", "rating"=>"G", "release_date(1i)"=>"2021", "release_date(2i)"=>"10", "release_date(3i)"=>"15", "director"=>"JHGFDSA"}, "commit"=>"Save Changes"}
Completed 500 Internal Server Error in 17ms (ActiveRecord: 0.1ms)

ActiveRecord::UnknownAttributeError (unknown attribute 'director' for Movie.):
  app/controllers/movies_controller.rb:38:in `create'


  Rendered /home/ec2-user/.rvm/gems/ruby-2.6.6/gems/actionpack-4.2.10/lib/action_dispatch/middleware/templates/rescues/_source.erb (2.7ms)
  Rendered /home/ec2-user/.rvm/gems/ruby-2.6.6/gems/actionpack-4.2.10/lib/action_dispatch/middleware/templates/rescues/_trace.html.erb (1.6ms)
  Rendered /home/ec2-user/.rvm/gems/ruby-2.6.6/gems/actionpack-4.2.10/lib/action_dispatch/middleware/templates/rescues/_request_and_response.html.erb (0.7ms)
  Rendered /home/ec2-user/.rvm/gems/ruby-2.6.6/gems/actionpack-4.2.10/lib/action_dispatch/middleware/templates/rescues/diagnostics.html.erb within rescues/layout (22.8ms)


Started POST "/movies" for 208.180.10.114 at 2021-10-15 03:30:35 +0000
Processing by MoviesController#create as HTML
  Parameters: {"utf8"=>"✓", "authenticity_token"=>"x15pwc3bYr7it9sUU1wQkfacE0JV1BuG3HxcpbdwufJsTqMVJP0mZIktv6//rqQe547t2eAw7po50GNtODkzJw==", "movie"=>{"title"=>"Aladding", "rating"=>"G", "release_date(1i)"=>"2021", "release_date(2i)"=>"10", "release_date(3i)"=>"15", "director"=>"JHGFDSA"}, "commit"=>"Save Changes"}
Completed 500 Internal Server Error in 12ms (ActiveRecord: 0.0ms)

ActiveRecord::UnknownAttributeError (unknown attribute 'director' for Movie.):
  app/controllers/movies_controller.rb:38:in `create'


  Rendered /home/ec2-user/.rvm/gems/ruby-2.6.6/gems/actionpack-4.2.10/lib/action_dispatch/middleware/templates/rescues/_source.erb (4.6ms)
  Rendered /home/ec2-user/.rvm/gems/ruby-2.6.6/gems/actionpack-4.2.10/lib/action_dispatch/middleware/templates/rescues/_trace.html.erb (1.7ms)
  Rendered /home/ec2-user/.rvm/gems/ruby-2.6.6/gems/actionpack-4.2.10/lib/action_dispatch/middleware/templates/rescues/_request_and_response.html.erb (0.8ms)
  Rendered /home/ec2-user/.rvm/gems/ruby-2.6.6/gems/actionpack-4.2.10/lib/action_dispatch/middleware/templates/rescues/diagnostics.html.erb within rescues/layout (32.7ms)


Started POST "/movies" for 208.180.10.114 at 2021-10-15 03:31:57 +0000
Processing by MoviesController#create as HTML
  Parameters: {"utf8"=>"✓", "authenticity_token"=>"x15pwc3bYr7it9sUU1wQkfacE0JV1BuG3HxcpbdwufJsTqMVJP0mZIktv6//rqQe547t2eAw7po50GNtODkzJw==", "movie"=>{"title"=>"Aladding", "rating"=>"G", "release_date(1i)"=>"2021", "release_date(2i)"=>"10", "release_date(3i)"=>"15", "director"=>"JHGFDSA"}, "commit"=>"Save Changes"}
Completed 500 Internal Server Error in 7ms (ActiveRecord: 0.0ms)

ActiveRecord::UnknownAttributeError (unknown attribute 'director' for Movie.):
  app/controllers/movies_controller.rb:38:in `create'


  Rendered /home/ec2-user/.rvm/gems/ruby-2.6.6/gems/actionpack-4.2.10/lib/action_dispatch/middleware/templates/rescues/_source.erb (17.3ms)
  Rendered /home/ec2-user/.rvm/gems/ruby-2.6.6/gems/actionpack-4.2.10/lib/action_dispatch/middleware/templates/rescues/_trace.html.erb (1.5ms)
  Rendered /home/ec2-user/.rvm/gems/ruby-2.6.6/gems/actionpack-4.2.10/lib/action_dispatch/middleware/templates/rescues/_request_and_response.html.erb (0.7ms)
  Rendered /home/ec2-user/.rvm/gems/ruby-2.6.6/gems/actionpack-4.2.10/lib/action_dispatch/middleware/templates/rescues/diagnostics.html.erb within rescues/layout (28.5ms)


Started GET "/" for 208.180.10.114 at 2021-10-15 03:32:02 +0000


Started GET "/movies" for 208.180.10.114 at 2021-10-15 03:32:02 +0000
Processing by MoviesController#index as HTML
  [1m[36mMovie Load (0.2ms)[0m  [1mSELECT "movies".* FROM "movies" WHERE "movies"."rating" IN ('G', 'PG', 'PG-13', 'NC-17', 'R')[0m
  Rendered movies/index.html.erb within layouts/application (2.5ms)
  Rendered layouts/_flash.erb (0.1ms)
Completed 200 OK in 19ms (Views: 16.3ms | ActiveRecord: 0.2ms)


Started GET "/movies/new" for 208.180.10.114 at 2021-10-15 03:32:04 +0000
Processing by MoviesController#new as HTML
  Rendered movies/new.html.erb within layouts/application (2.9ms)
  Rendered layouts/_flash.erb (0.1ms)
Completed 200 OK in 16ms (Views: 16.1ms | ActiveRecord: 0.0ms)


Started POST "/movies" for 208.180.10.114 at 2021-10-15 03:32:08 +0000
Processing by MoviesController#create as HTML
  Parameters: {"utf8"=>"✓", "authenticity_token"=>"vw+taGaJyohwTj5T4ECkRriARe8lC/K+RoFxhSFFsqgUH2e8j6+OUhvUWuhMshDJqZK7dJDvB6KjLU5Nrgw4fQ==", "movie"=>{"title"=>"Aladding", "rating"=>"G", "release_date(1i)"=>"2021", "release_date(2i)"=>"10", "release_date(3i)"=>"15", "director"=>"JHGFD"}, "commit"=>"Save Changes"}
Completed 500 Internal Server Error in 6ms (ActiveRecord: 0.0ms)

ActiveRecord::UnknownAttributeError (unknown attribute 'director' for Movie.):
  app/controllers/movies_controller.rb:38:in `create'


  Rendered /home/ec2-user/.rvm/gems/ruby-2.6.6/gems/actionpack-4.2.10/lib/action_dispatch/middleware/templates/rescues/_source.erb (2.8ms)
  Rendered /home/ec2-user/.rvm/gems/ruby-2.6.6/gems/actionpack-4.2.10/lib/action_dispatch/middleware/templates/rescues/_trace.html.erb (1.4ms)
  Rendered /home/ec2-user/.rvm/gems/ruby-2.6.6/gems/actionpack-4.2.10/lib/action_dispatch/middleware/templates/rescues/_request_and_response.html.erb (0.8ms)
  Rendered /home/ec2-user/.rvm/gems/ruby-2.6.6/gems/actionpack-4.2.10/lib/action_dispatch/middleware/templates/rescues/diagnostics.html.erb within rescues/layout (13.8ms)


Started POST "/movies" for 208.180.10.114 at 2021-10-15 03:35:35 +0000
Processing by MoviesController#create as HTML
  Parameters: {"utf8"=>"✓", "authenticity_token"=>"vw+taGaJyohwTj5T4ECkRriARe8lC/K+RoFxhSFFsqgUH2e8j6+OUhvUWuhMshDJqZK7dJDvB6KjLU5Nrgw4fQ==", "movie"=>{"title"=>"Aladding", "rating"=>"G", "release_date(1i)"=>"2021", "release_date(2i)"=>"10", "release_date(3i)"=>"15", "director"=>"JHGFD"}, "commit"=>"Save Changes"}
Completed 500 Internal Server Error in 9ms (ActiveRecord: 0.4ms)

ActiveRecord::UnknownAttributeError (unknown attribute 'director' for Movie.):
  app/controllers/movies_controller.rb:38:in `create'


  Rendered /home/ec2-user/.rvm/gems/ruby-2.6.6/gems/actionpack-4.2.10/lib/action_dispatch/middleware/templates/rescues/_source.erb (2.7ms)
  Rendered /home/ec2-user/.rvm/gems/ruby-2.6.6/gems/actionpack-4.2.10/lib/action_dispatch/middleware/templates/rescues/_trace.html.erb (1.4ms)
  Rendered /home/ec2-user/.rvm/gems/ruby-2.6.6/gems/actionpack-4.2.10/lib/action_dispatch/middleware/templates/rescues/_request_and_response.html.erb (0.7ms)
  Rendered /home/ec2-user/.rvm/gems/ruby-2.6.6/gems/actionpack-4.2.10/lib/action_dispatch/middleware/templates/rescues/diagnostics.html.erb within rescues/layout (13.8ms)


Started GET "/" for 208.180.10.114 at 2021-10-15 03:35:38 +0000


Started GET "/movies" for 208.180.10.114 at 2021-10-15 03:35:38 +0000
Processing by MoviesController#index as HTML
  [1m[35mMovie Load (0.1ms)[0m  SELECT "movies".* FROM "movies" WHERE "movies"."rating" IN ('G', 'PG', 'PG-13', 'NC-17', 'R')
  Rendered movies/index.html.erb within layouts/application (2.9ms)
  Rendered layouts/_flash.erb (0.1ms)
Completed 200 OK in 22ms (Views: 20.8ms | ActiveRecord: 0.1ms)


Started GET "/movies/new" for 208.180.10.114 at 2021-10-15 03:35:40 +0000
Processing by MoviesController#new as HTML
  Rendered movies/new.html.erb within layouts/application (2.9ms)
  Rendered layouts/_flash.erb (0.0ms)
Completed 200 OK in 17ms (Views: 17.2ms | ActiveRecord: 0.0ms)


Started POST "/movies" for 208.180.10.114 at 2021-10-15 03:35:46 +0000
Processing by MoviesController#create as HTML
  Parameters: {"utf8"=>"✓", "authenticity_token"=>"ta0Os90anu9PsxTkpi4nLlspmDbdvZyWnuWsj5RRjpYevcRnNDzaNSQpcF8K3JOhSjtmrWhZaYp7SZNHGxgEQw==", "movie"=>{"title"=>"Aladding", "rating"=>"G", "release_date(1i)"=>"2021", "release_date(2i)"=>"10", "release_date(3i)"=>"15", "director"=>"JHGFDSA"}, "commit"=>"Save Changes"}
Completed 500 Internal Server Error in 21ms (ActiveRecord: 0.0ms)

ActiveRecord::UnknownAttributeError (unknown attribute 'director' for Movie.):
  app/controllers/movies_controller.rb:38:in `create'


  Rendered /home/ec2-user/.rvm/gems/ruby-2.6.6/gems/actionpack-4.2.10/lib/action_dispatch/middleware/templates/rescues/_source.erb (2.8ms)
  Rendered /home/ec2-user/.rvm/gems/ruby-2.6.6/gems/actionpack-4.2.10/lib/action_dispatch/middleware/templates/rescues/_trace.html.erb (1.6ms)
  Rendered /home/ec2-user/.rvm/gems/ruby-2.6.6/gems/actionpack-4.2.10/lib/action_dispatch/middleware/templates/rescues/_request_and_response.html.erb (0.7ms)
  Rendered /home/ec2-user/.rvm/gems/ruby-2.6.6/gems/actionpack-4.2.10/lib/action_dispatch/middleware/templates/rescues/diagnostics.html.erb within rescues/layout (14.2ms)
